CRITICAL - 2025-11-19 08:29:37 --> Error: Call to undefined method App\Controllers\Post::select()
[Method: GET, Route: /]
in APPPATH/Controllers/Home.php on line 10.
 1 SYSTEMPATH/CodeIgniter.php(933): App\Controllers\Home->index()
 2 SYSTEMPATH/CodeIgniter.php(507): CodeIgniter\CodeIgniter->runController()
 3 SYSTEMPATH/CodeIgniter.php(354): CodeIgniter\CodeIgniter->handleRequest()
 4 SYSTEMPATH/Boot.php(363): CodeIgniter\CodeIgniter->run()
 5 SYSTEMPATH/Boot.php(68): CodeIgniter\Boot::runCodeIgniter()
 6 FCPATH/index.php(59): CodeIgniter\Boot::bootWeb()
 7 SYSTEMPATH/rewrite.php(44): require_once('/home/edson/projects/blog-ci4/public/index.php')
CRITICAL - 2025-11-19 08:35:05 --> CodeIgniter\Exceptions\BadMethodCallException: Call to undefined method App\Models\Post::jaoin
[Method: GET, Route: /]
in SYSTEMPATH/Model.php on line 927.
 1 APPPATH/Controllers/Home.php(16): CodeIgniter\Model->__call()
 2 SYSTEMPATH/CodeIgniter.php(933): App\Controllers\Home->index()
 3 SYSTEMPATH/CodeIgniter.php(507): CodeIgniter\CodeIgniter->runController()
 4 SYSTEMPATH/CodeIgniter.php(354): CodeIgniter\CodeIgniter->handleRequest()
 5 SYSTEMPATH/Boot.php(363): CodeIgniter\CodeIgniter->run()
 6 SYSTEMPATH/Boot.php(68): CodeIgniter\Boot::runCodeIgniter()
 7 FCPATH/index.php(59): CodeIgniter\Boot::bootWeb()
 8 SYSTEMPATH/rewrite.php(44): require_once('/home/edson/projects/blog-ci4/public/index.php')
CRITICAL - 2025-11-19 08:58:39 --> CodeIgniter\Exceptions\BadMethodCallException: Call to undefined method App\Models\Post::jaoin
[Method: GET, Route: /]
in SYSTEMPATH/Model.php on line 927.
 1 APPPATH/Controllers/Home.php(16): CodeIgniter\Model->__call()
 2 SYSTEMPATH/CodeIgniter.php(933): App\Controllers\Home->index()
 3 SYSTEMPATH/CodeIgniter.php(507): CodeIgniter\CodeIgniter->runController()
 4 SYSTEMPATH/CodeIgniter.php(354): CodeIgniter\CodeIgniter->handleRequest()
 5 SYSTEMPATH/Boot.php(363): CodeIgniter\CodeIgniter->run()
 6 SYSTEMPATH/Boot.php(68): CodeIgniter\Boot::runCodeIgniter()
 7 FCPATH/index.php(59): CodeIgniter\Boot::bootWeb()
 8 SYSTEMPATH/rewrite.php(44): require_once('/home/edson/projects/blog-ci4/public/index.php')
CRITICAL - 2025-11-19 09:05:02 --> CodeIgniter\Exceptions\BadMethodCallException: Call to undefined method App\Models\Post::jaoin
[Method: GET, Route: /]
in SYSTEMPATH/Model.php on line 927.
 1 APPPATH/Controllers/Home.php(16): CodeIgniter\Model->__call()
 2 SYSTEMPATH/CodeIgniter.php(933): App\Controllers\Home->index()
 3 SYSTEMPATH/CodeIgniter.php(507): CodeIgniter\CodeIgniter->runController()
 4 SYSTEMPATH/CodeIgniter.php(354): CodeIgniter\CodeIgniter->handleRequest()
 5 SYSTEMPATH/Boot.php(363): CodeIgniter\CodeIgniter->run()
 6 SYSTEMPATH/Boot.php(68): CodeIgniter\Boot::runCodeIgniter()
 7 FCPATH/index.php(59): CodeIgniter\Boot::bootWeb()
 8 SYSTEMPATH/rewrite.php(44): require_once('/home/edson/projects/blog-ci4/public/index.php')
CRITICAL - 2025-11-19 09:05:05 --> CodeIgniter\Exceptions\BadMethodCallException: Call to undefined method App\Models\Post::jaoin
[Method: GET, Route: /]
in SYSTEMPATH/Model.php on line 927.
 1 APPPATH/Controllers/Home.php(16): CodeIgniter\Model->__call()
 2 SYSTEMPATH/CodeIgniter.php(933): App\Controllers\Home->index()
 3 SYSTEMPATH/CodeIgniter.php(507): CodeIgniter\CodeIgniter->runController()
 4 SYSTEMPATH/CodeIgniter.php(354): CodeIgniter\CodeIgniter->handleRequest()
 5 SYSTEMPATH/Boot.php(363): CodeIgniter\CodeIgniter->run()
 6 SYSTEMPATH/Boot.php(68): CodeIgniter\Boot::runCodeIgniter()
 7 FCPATH/index.php(59): CodeIgniter\Boot::bootWeb()
 8 SYSTEMPATH/rewrite.php(44): require_once('/home/edson/projects/blog-ci4/public/index.php')
CRITICAL - 2025-11-19 09:22:58 --> ErrorException: Attempt to read property "image" on array
[Method: GET, Route: recent]
in APPPATH/Views/_partials/_recent.php on line 7.
 1 APPPATH/Views/_partials/_recent.php(7): CodeIgniter\Debug\Exceptions->errorHandler()
 2 SYSTEMPATH/View/View.php(226): include('/home/edson/projects/blog-ci4/app/Views/_partials/_recent.php')
 3 SYSTEMPATH/View/View.php(229): CodeIgniter\View\View->{closure:CodeIgniter\View\View::render():223}()
 4 SYSTEMPATH/Common.php(1167): CodeIgniter\View\View->render()
 5 APPPATH/Controllers/Recent.php(24): view()
 6 SYSTEMPATH/CodeIgniter.php(933): App\Controllers\Recent->index()
 7 SYSTEMPATH/CodeIgniter.php(507): CodeIgniter\CodeIgniter->runController()
 8 SYSTEMPATH/CodeIgniter.php(354): CodeIgniter\CodeIgniter->handleRequest()
 9 SYSTEMPATH/Boot.php(363): CodeIgniter\CodeIgniter->run()
10 SYSTEMPATH/Boot.php(68): CodeIgniter\Boot::runCodeIgniter()
11 FCPATH/index.php(59): CodeIgniter\Boot::bootWeb()
12 SYSTEMPATH/rewrite.php(44): require_once('/home/edson/projects/blog-ci4/public/index.php')
CRITICAL - 2025-11-19 09:23:15 --> ErrorException: Attempt to read property "image" on array
[Method: GET, Route: recent]
in APPPATH/Views/_partials/_recent.php on line 7.
 1 APPPATH/Views/_partials/_recent.php(7): CodeIgniter\Debug\Exceptions->errorHandler()
 2 SYSTEMPATH/View/View.php(226): include('/home/edson/projects/blog-ci4/app/Views/_partials/_recent.php')
 3 SYSTEMPATH/View/View.php(229): CodeIgniter\View\View->{closure:CodeIgniter\View\View::render():223}()
 4 SYSTEMPATH/Common.php(1167): CodeIgniter\View\View->render()
 5 APPPATH/Controllers/Recent.php(24): view()
 6 SYSTEMPATH/CodeIgniter.php(933): App\Controllers\Recent->index()
 7 SYSTEMPATH/CodeIgniter.php(507): CodeIgniter\CodeIgniter->runController()
 8 SYSTEMPATH/CodeIgniter.php(354): CodeIgniter\CodeIgniter->handleRequest()
 9 SYSTEMPATH/Boot.php(363): CodeIgniter\CodeIgniter->run()
10 SYSTEMPATH/Boot.php(68): CodeIgniter\Boot::runCodeIgniter()
11 FCPATH/index.php(59): CodeIgniter\Boot::bootWeb()
12 SYSTEMPATH/rewrite.php(44): require_once('/home/edson/projects/blog-ci4/public/index.php')
CRITICAL - 2025-11-19 09:30:06 --> Error: Call to undefined function word_limiter()
[Method: GET, Route: recent]
in APPPATH/Views/_partials/_recent.php on line 13.
 1 SYSTEMPATH/View/View.php(226): include()
 2 SYSTEMPATH/View/View.php(229): CodeIgniter\View\View->{closure:CodeIgniter\View\View::render():223}()
 3 SYSTEMPATH/Common.php(1167): CodeIgniter\View\View->render()
 4 APPPATH/Controllers/Recent.php(24): view()
 5 SYSTEMPATH/CodeIgniter.php(933): App\Controllers\Recent->index()
 6 SYSTEMPATH/CodeIgniter.php(507): CodeIgniter\CodeIgniter->runController()
 7 SYSTEMPATH/CodeIgniter.php(354): CodeIgniter\CodeIgniter->handleRequest()
 8 SYSTEMPATH/Boot.php(363): CodeIgniter\CodeIgniter->run()
 9 SYSTEMPATH/Boot.php(68): CodeIgniter\Boot::runCodeIgniter()
10 FCPATH/index.php(59): CodeIgniter\Boot::bootWeb()
11 SYSTEMPATH/rewrite.php(44): require_once('/home/edson/projects/blog-ci4/public/index.php')
CRITICAL - 2025-11-19 09:41:12 --> ErrorException: Undefined property: stdClass::$img
[Method: GET, Route: recent]
in APPPATH/Views/_partials/_recent.php on line 32.
 1 APPPATH/Views/_partials/_recent.php(32): CodeIgniter\Debug\Exceptions->errorHandler()
 2 SYSTEMPATH/View/View.php(226): include('/home/edson/projects/blog-ci4/app/Views/_partials/_recent.php')
 3 SYSTEMPATH/View/View.php(229): CodeIgniter\View\View->{closure:CodeIgniter\View\View::render():223}()
 4 SYSTEMPATH/Common.php(1167): CodeIgniter\View\View->render()
 5 APPPATH/Controllers/Recent.php(26): view()
 6 SYSTEMPATH/CodeIgniter.php(933): App\Controllers\Recent->index()
 7 SYSTEMPATH/CodeIgniter.php(507): CodeIgniter\CodeIgniter->runController()
 8 SYSTEMPATH/CodeIgniter.php(354): CodeIgniter\CodeIgniter->handleRequest()
 9 SYSTEMPATH/Boot.php(363): CodeIgniter\CodeIgniter->run()
10 SYSTEMPATH/Boot.php(68): CodeIgniter\Boot::runCodeIgniter()
11 FCPATH/index.php(59): CodeIgniter\Boot::bootWeb()
12 SYSTEMPATH/rewrite.php(44): require_once('/home/edson/projects/blog-ci4/public/index.php')
CRITICAL - 2025-11-19 09:41:28 --> ErrorException: Undefined property: stdClass::$img
[Method: GET, Route: recent]
in APPPATH/Views/_partials/_recent.php on line 32.
 1 APPPATH/Views/_partials/_recent.php(32): CodeIgniter\Debug\Exceptions->errorHandler()
 2 SYSTEMPATH/View/View.php(226): include('/home/edson/projects/blog-ci4/app/Views/_partials/_recent.php')
 3 SYSTEMPATH/View/View.php(229): CodeIgniter\View\View->{closure:CodeIgniter\View\View::render():223}()
 4 SYSTEMPATH/Common.php(1167): CodeIgniter\View\View->render()
 5 APPPATH/Controllers/Recent.php(26): view()
 6 SYSTEMPATH/CodeIgniter.php(933): App\Controllers\Recent->index()
 7 SYSTEMPATH/CodeIgniter.php(507): CodeIgniter\CodeIgniter->runController()
 8 SYSTEMPATH/CodeIgniter.php(354): CodeIgniter\CodeIgniter->handleRequest()
 9 SYSTEMPATH/Boot.php(363): CodeIgniter\CodeIgniter->run()
10 SYSTEMPATH/Boot.php(68): CodeIgniter\Boot::runCodeIgniter()
11 FCPATH/index.php(59): CodeIgniter\Boot::bootWeb()
12 SYSTEMPATH/rewrite.php(44): require_once('/home/edson/projects/blog-ci4/public/index.php')
CRITICAL - 2025-11-19 09:42:57 --> ErrorException: Undefined property: stdClass::$imgage
[Method: GET, Route: recent]
in APPPATH/Views/_partials/_recent.php on line 32.
 1 APPPATH/Views/_partials/_recent.php(32): CodeIgniter\Debug\Exceptions->errorHandler()
 2 SYSTEMPATH/View/View.php(226): include('/home/edson/projects/blog-ci4/app/Views/_partials/_recent.php')
 3 SYSTEMPATH/View/View.php(229): CodeIgniter\View\View->{closure:CodeIgniter\View\View::render():223}()
 4 SYSTEMPATH/Common.php(1167): CodeIgniter\View\View->render()
 5 APPPATH/Controllers/Recent.php(26): view()
 6 SYSTEMPATH/CodeIgniter.php(933): App\Controllers\Recent->index()
 7 SYSTEMPATH/CodeIgniter.php(507): CodeIgniter\CodeIgniter->runController()
 8 SYSTEMPATH/CodeIgniter.php(354): CodeIgniter\CodeIgniter->handleRequest()
 9 SYSTEMPATH/Boot.php(363): CodeIgniter\CodeIgniter->run()
10 SYSTEMPATH/Boot.php(68): CodeIgniter\Boot::runCodeIgniter()
11 FCPATH/index.php(59): CodeIgniter\Boot::bootWeb()
12 SYSTEMPATH/rewrite.php(44): require_once('/home/edson/projects/blog-ci4/public/index.php')
CRITICAL - 2025-11-19 09:43:10 --> ErrorException: Undefined property: stdClass::$imgage
[Method: GET, Route: recent]
in APPPATH/Views/_partials/_recent.php on line 32.
 1 APPPATH/Views/_partials/_recent.php(32): CodeIgniter\Debug\Exceptions->errorHandler()
 2 SYSTEMPATH/View/View.php(226): include('/home/edson/projects/blog-ci4/app/Views/_partials/_recent.php')
 3 SYSTEMPATH/View/View.php(229): CodeIgniter\View\View->{closure:CodeIgniter\View\View::render():223}()
 4 SYSTEMPATH/Common.php(1167): CodeIgniter\View\View->render()
 5 APPPATH/Controllers/Recent.php(26): view()
 6 SYSTEMPATH/CodeIgniter.php(933): App\Controllers\Recent->index()
 7 SYSTEMPATH/CodeIgniter.php(507): CodeIgniter\CodeIgniter->runController()
 8 SYSTEMPATH/CodeIgniter.php(354): CodeIgniter\CodeIgniter->handleRequest()
 9 SYSTEMPATH/Boot.php(363): CodeIgniter\CodeIgniter->run()
10 SYSTEMPATH/Boot.php(68): CodeIgniter\Boot::runCodeIgniter()
11 FCPATH/index.php(59): CodeIgniter\Boot::bootWeb()
12 SYSTEMPATH/rewrite.php(44): require_once('/home/edson/projects/blog-ci4/public/index.php')
CRITICAL - 2025-11-19 09:53:16 --> ErrorException: Undefined property: stdClass::$unserFirstName
[Method: GET, Route: recent]
in APPPATH/Views/_partials/_recent.php on line 18.
 1 APPPATH/Views/_partials/_recent.php(18): CodeIgniter\Debug\Exceptions->errorHandler()
 2 SYSTEMPATH/View/View.php(226): include('/home/edson/projects/blog-ci4/app/Views/_partials/_recent.php')
 3 SYSTEMPATH/View/View.php(229): CodeIgniter\View\View->{closure:CodeIgniter\View\View::render():223}()
 4 SYSTEMPATH/Common.php(1167): CodeIgniter\View\View->render()
 5 APPPATH/Controllers/Recent.php(26): view()
 6 SYSTEMPATH/CodeIgniter.php(933): App\Controllers\Recent->index()
 7 SYSTEMPATH/CodeIgniter.php(507): CodeIgniter\CodeIgniter->runController()
 8 SYSTEMPATH/CodeIgniter.php(354): CodeIgniter\CodeIgniter->handleRequest()
 9 SYSTEMPATH/Boot.php(363): CodeIgniter\CodeIgniter->run()
10 SYSTEMPATH/Boot.php(68): CodeIgniter\Boot::runCodeIgniter()
11 FCPATH/index.php(59): CodeIgniter\Boot::bootWeb()
12 SYSTEMPATH/rewrite.php(44): require_once('/home/edson/projects/blog-ci4/public/index.php')
CRITICAL - 2025-11-19 09:53:27 --> ErrorException: Undefined property: stdClass::$userFirstName
[Method: GET, Route: recent]
in APPPATH/Views/_partials/_recent.php on line 18.
 1 APPPATH/Views/_partials/_recent.php(18): CodeIgniter\Debug\Exceptions->errorHandler()
 2 SYSTEMPATH/View/View.php(226): include('/home/edson/projects/blog-ci4/app/Views/_partials/_recent.php')
 3 SYSTEMPATH/View/View.php(229): CodeIgniter\View\View->{closure:CodeIgniter\View\View::render():223}()
 4 SYSTEMPATH/Common.php(1167): CodeIgniter\View\View->render()
 5 APPPATH/Controllers/Recent.php(26): view()
 6 SYSTEMPATH/CodeIgniter.php(933): App\Controllers\Recent->index()
 7 SYSTEMPATH/CodeIgniter.php(507): CodeIgniter\CodeIgniter->runController()
 8 SYSTEMPATH/CodeIgniter.php(354): CodeIgniter\CodeIgniter->handleRequest()
 9 SYSTEMPATH/Boot.php(363): CodeIgniter\CodeIgniter->run()
10 SYSTEMPATH/Boot.php(68): CodeIgniter\Boot::runCodeIgniter()
11 FCPATH/index.php(59): CodeIgniter\Boot::bootWeb()
12 SYSTEMPATH/rewrite.php(44): require_once('/home/edson/projects/blog-ci4/public/index.php')
CRITICAL - 2025-11-19 09:53:41 --> ErrorException: Undefined property: stdClass::$userFirstName
[Method: GET, Route: recent]
in APPPATH/Views/_partials/_recent.php on line 18.
 1 APPPATH/Views/_partials/_recent.php(18): CodeIgniter\Debug\Exceptions->errorHandler()
 2 SYSTEMPATH/View/View.php(226): include('/home/edson/projects/blog-ci4/app/Views/_partials/_recent.php')
 3 SYSTEMPATH/View/View.php(229): CodeIgniter\View\View->{closure:CodeIgniter\View\View::render():223}()
 4 SYSTEMPATH/Common.php(1167): CodeIgniter\View\View->render()
 5 APPPATH/Controllers/Recent.php(26): view()
 6 SYSTEMPATH/CodeIgniter.php(933): App\Controllers\Recent->index()
 7 SYSTEMPATH/CodeIgniter.php(507): CodeIgniter\CodeIgniter->runController()
 8 SYSTEMPATH/CodeIgniter.php(354): CodeIgniter\CodeIgniter->handleRequest()
 9 SYSTEMPATH/Boot.php(363): CodeIgniter\CodeIgniter->run()
10 SYSTEMPATH/Boot.php(68): CodeIgniter\Boot::runCodeIgniter()
11 FCPATH/index.php(59): CodeIgniter\Boot::bootWeb()
12 SYSTEMPATH/rewrite.php(44): require_once('/home/edson/projects/blog-ci4/public/index.php')
